build/outputs/logs/manifest-merger-debug-report.txt
-- Merging decision tree log ---
manifest
ADDED from linphone-androi/linphone-android/AndroidManifest.xml:2:1-256:12
	package
		ADDED from linphone-androi/linphone-android/AndroidManifest.xml:3:7-29
	android:versionCode
		ADDED from linphone-androi/linphone-android/AndroidManifest.xml:5:7-33
		INJECTED from linphone-androi/linphone-android/AndroidManifest.xml
		INJECTED from linphone-androi/linphone-android/AndroidManifest.xml
	xmlns:android
		ADDED from linphone-androi/linphone-android/AndroidManifest.xml:2:11-69
	android:installLocation
		ADDED from linphone-androi/linphone-android/AndroidManifest.xml:5:34-64
uses-sdk
ADDED from linphone-androi/linphone-android/AndroidManifest.xml:6:5-73
	android:targetSdkVersion
		ADDED from linphone-androi/linphone-android/AndroidManifest.xml:6:42-71
	android:minSdkVersion
		ADDED from linphone-androi/linphone-android/AndroidManifest.xml:6:15-41
permission#org.linphone.permission.C2D_MESSAGE
ADDED from linphone-androi/linphone-android/AndroidManifest.xml:9:5-106
	android:protectionLevel
		ADDED from linphone-androi/linphone-android/AndroidManifest.xml:9:68-103
	android:name
		ADDED from linphone-androi/linphone-android/AndroidManifest.xml:9:17-67
uses-permission#org.linphone.permission.C2D_MESSAGE
ADDED from linphone-androi/linphone-android/AndroidManifest.xml:10:2-72
	android:name
		ADDED from linphone-androi/linphone-android/AndroidManifest.xml:10:19-69
uses-permission#com.google.android.c2dm.permission.RECEIVE
ADDED from linphone-androi/linphone-android/AndroidManifest.xml:11:2-79
	android:name
		ADDED from linphone-androi/linphone-android/AndroidManifest.xml:11:19-76
uses-permission#android.permission.INTERNET
ADDED from linphone-androi/linphone-android/AndroidManifest.xml:13:2-63
	android:name
		ADDED from linphone-androi/linphone-android/AndroidManifest.xml:13:19-61
uses-permission#android.permission.RECORD_AUDIO
ADDED from linphone-androi/linphone-android/AndroidManifest.xml:14:2-67
	android:name
		ADDED from linphone-androi/linphone-android/AndroidManifest.xml:14:19-65
uses-permission#android.permission.READ_CONTACTS
ADDED from linphone-androi/linphone-android/AndroidManifest.xml:15:2-68
	android:name
		ADDED from linphone-androi/linphone-android/AndroidManifest.xml:15:19-66
uses-permission#android.permission.MODIFY_AUDIO_SETTINGS
ADDED from linphone-androi/linphone-android/AndroidManifest.xml:16:2-76
	android:name
		ADDED from linphone-androi/linphone-android/AndroidManifest.xml:16:19-74
uses-permission#android.permission.ACCESS_NETWORK_STATE
ADDED from linphone-androi/linphone-android/AndroidManifest.xml:17:2-75
	android:name
		ADDED from linphone-androi/linphone-android/AndroidManifest.xml:17:19-73
uses-permission#android.permission.WAKE_LOCK
ADDED from linphone-androi/linphone-android/AndroidManifest.xml:18:2-64
	android:name
		ADDED from linphone-androi/linphone-android/AndroidManifest.xml:18:19-62
uses-permission#android.permission.PROCESS_OUTGOING_CALLS
ADDED from linphone-androi/linphone-android/AndroidManifest.xml:19:2-77
	android:name
		ADDED from linphone-androi/linphone-android/AndroidManifest.xml:19:19-75
uses-permission#android.permission.CALL_PHONE
ADDED from linphone-androi/linphone-android/AndroidManifest.xml:20:2-65
	android:name
		ADDED from linphone-androi/linphone-android/AndroidManifest.xml:20:19-63
uses-feature#android.hardware.telephony
ADDED from linphone-androi/linphone-android/AndroidManifest.xml:22:2-87
	android:required
		ADDED from linphone-androi/linphone-android/AndroidManifest.xml:22:60-84
	android:name
		ADDED from linphone-androi/linphone-android/AndroidManifest.xml:22:18-59
uses-permission#android.permission.RECEIVE_BOOT_COMPLETED
ADDED from linphone-androi/linphone-android/AndroidManifest.xml:23:2-77
	android:name
		ADDED from linphone-androi/linphone-android/AndroidManifest.xml:23:19-75
uses-permission#android.permission.VIBRATE
ADDED from linphone-androi/linphone-android/AndroidManifest.xml:24:2-62
	android:name
		ADDED from linphone-androi/linphone-android/AndroidManifest.xml:24:19-60
uses-permission#android.permission.CAMERA
ADDED from linphone-androi/linphone-android/AndroidManifest.xml:25:2-62
	android:name
		ADDED from linphone-androi/linphone-android/AndroidManifest.xml:25:19-59
uses-feature#android.hardware.camera
ADDED from linphone-androi/linphone-android/AndroidManifest.xml:27:2-84
	android:required
		ADDED from linphone-androi/linphone-android/AndroidManifest.xml:27:57-81
	android:name
		ADDED from linphone-androi/linphone-android/AndroidManifest.xml:27:18-56
uses-permission#android.permission.READ_LOGS
ADDED from linphone-androi/linphone-android/AndroidManifest.xml:28:2-65
	android:name
		ADDED from linphone-androi/linphone-android/AndroidManifest.xml:28:19-62
uses-permission#android.permission.READ_PHONE_STATE
ADDED from linphone-androi/linphone-android/AndroidManifest.xml:29:2-72
	android:name
		ADDED from linphone-androi/linphone-android/AndroidManifest.xml:29:19-69
uses-permission#android.permission.WRITE_EXTERNAL_STORAGE
ADDED from linphone-androi/linphone-android/AndroidManifest.xml:31:2-77
	android:name
		ADDED from linphone-androi/linphone-android/AndroidManifest.xml:31:19-75
uses-permission#android.permission.WRITE_CONTACTS
ADDED from linphone-androi/linphone-android/AndroidManifest.xml:33:2-69
	android:name
		ADDED from linphone-androi/linphone-android/AndroidManifest.xml:33:19-67
uses-permission#android.permission.BLUETOOTH
ADDED from linphone-androi/linphone-android/AndroidManifest.xml:35:2-65
	android:name
		ADDED from linphone-androi/linphone-android/AndroidManifest.xml:35:19-62
uses-permission#android.permission.BROADCAST_STICKY
ADDED from linphone-androi/linphone-android/AndroidManifest.xml:36:2-72
	android:name
		ADDED from linphone-androi/linphone-android/AndroidManifest.xml:36:19-69
uses-permission#android.permission.GET_ACCOUNTS
ADDED from linphone-androi/linphone-android/AndroidManifest.xml:38:2-68
	android:name
		ADDED from linphone-androi/linphone-android/AndroidManifest.xml:38:19-65
uses-permission#android.permission.ACCESS_WIFI_STATE
ADDED from linphone-androi/linphone-android/AndroidManifest.xml:39:2-72
	android:name
		ADDED from linphone-androi/linphone-android/AndroidManifest.xml:39:19-70
uses-permission#android.permission.CHANGE_WIFI_MULTICAST_STATE
ADDED from linphone-androi/linphone-android/AndroidManifest.xml:40:2-82
	android:name
		ADDED from linphone-androi/linphone-android/AndroidManifest.xml:40:19-80
uses-permission#android.permission.READ_SYNC_SETTINGS
ADDED from linphone-androi/linphone-android/AndroidManifest.xml:41:5-76
	android:name
		ADDED from linphone-androi/linphone-android/AndroidManifest.xml:41:22-74
uses-permission#android.permission.WRITE_SYNC_SETTINGS
ADDED from linphone-androi/linphone-android/AndroidManifest.xml:42:5-77
	android:name
		ADDED from linphone-androi/linphone-android/AndroidManifest.xml:42:22-75
uses-permission#android.permission.AUTHENTICATE_ACCOUNTS
ADDED from linphone-androi/linphone-android/AndroidManifest.xml:43:5-79
	android:name
		ADDED from linphone-androi/linphone-android/AndroidManifest.xml:43:22-77
supports-screens
ADDED from linphone-androi/linphone-android/AndroidManifest.xml:45:2-161
	android:largeScreens
		ADDED from linphone-androi/linphone-android/AndroidManifest.xml:45:77-104
	android:smallScreens
		ADDED from linphone-androi/linphone-android/AndroidManifest.xml:45:20-47
	android:normalScreens
		ADDED from linphone-androi/linphone-android/AndroidManifest.xml:45:48-76
	android:xlargeScreens
		ADDED from linphone-androi/linphone-android/AndroidManifest.xml:45:105-133
	android:anyDensity
		ADDED from linphone-androi/linphone-android/AndroidManifest.xml:45:134-159
application
ADDED from linphone-androi/linphone-android/AndroidManifest.xml:47:5-254:16
	android:label
		ADDED from linphone-androi/linphone-android/AndroidManifest.xml:47:18-50
	android:allowBackup
		ADDED from linphone-androi/linphone-android/AndroidManifest.xml:47:111-137
	android:icon
		ADDED from linphone-androi/linphone-android/AndroidManifest.xml:47:51-85
	android:largeHeap
		ADDED from linphone-androi/linphone-android/AndroidManifest.xml:47:86-110
activity#org.linphone.LinphoneLauncherActivity
ADDED from linphone-androi/linphone-android/AndroidManifest.xml:49:3-82:14
	android:label
		ADDED from linphone-androi/linphone-android/AndroidManifest.xml:50:7-39
	android:exported
		ADDED from linphone-androi/linphone-android/AndroidManifest.xml:52:13-36
	android:windowSoftInputMode
		ADDED from linphone-androi/linphone-android/AndroidManifest.xml:51:7-58
	android:theme
		ADDED from linphone-androi/linphone-android/AndroidManifest.xml:53:7-37
	android:name
		ADDED from linphone-androi/linphone-android/AndroidManifest.xml:49:13-65
intent-filter#android.intent.action.MAIN+android.intent.category.LAUNCHER
ADDED from linphone-androi/linphone-android/AndroidManifest.xml:54:7-57:23
action#android.intent.action.MAIN
ADDED from linphone-androi/linphone-android/AndroidManifest.xml:55:11-63
	android:name
		ADDED from linphone-androi/linphone-android/AndroidManifest.xml:55:19-60
category#android.intent.category.LAUNCHER
ADDED from linphone-androi/linphone-android/AndroidManifest.xml:56:11-71
	android:name
		ADDED from linphone-androi/linphone-android/AndroidManifest.xml:56:21-68
intent-filter#android.intent.action.CALL+android.intent.action.CALL_PRIVILEGED+android.intent.category.DEFAULT
ADDED from linphone-androi/linphone-android/AndroidManifest.xml:59:13-65:29
action#android.intent.action.CALL
ADDED from linphone-androi/linphone-android/AndroidManifest.xml:60:17-69
	android:name
		ADDED from linphone-androi/linphone-android/AndroidManifest.xml:60:25-66
action#android.intent.action.CALL_PRIVILEGED
ADDED from linphone-androi/linphone-android/AndroidManifest.xml:61:17-80
	android:name
		ADDED from linphone-androi/linphone-android/AndroidManifest.xml:61:25-77
category#android.intent.category.DEFAULT
ADDED from linphone-androi/linphone-android/AndroidManifest.xml:62:17-76
	android:name
		ADDED from linphone-androi/linphone-android/AndroidManifest.xml:62:27-73
data
ADDED from linphone-androi/linphone-android/AndroidManifest.xml:63:17-46
	android:scheme
		ADDED from linphone-androi/linphone-android/AndroidManifest.xml:63:23-43
intent-filter#android.intent.action.SENDTO+android.intent.category.DEFAULT
ADDED from linphone-androi/linphone-android/AndroidManifest.xml:67:13-73:21
action#android.intent.action.SENDTO
ADDED from linphone-androi/linphone-android/AndroidManifest.xml:68:17-71
	android:name
		ADDED from linphone-androi/linphone-android/AndroidManifest.xml:68:25-68
intent-filter#android.intent.action.VIEW+android.intent.category.BROWSABLE+android.intent.category.DEFAULT
ADDED from linphone-androi/linphone-android/AndroidManifest.xml:75:13-80:24
action#android.intent.action.VIEW
ADDED from linphone-androi/linphone-android/AndroidManifest.xml:77:11-63
	android:name
		ADDED from linphone-androi/linphone-android/AndroidManifest.xml:77:19-60
category#android.intent.category.BROWSABLE
ADDED from linphone-androi/linphone-android/AndroidManifest.xml:78:11-72
	android:name
		ADDED from linphone-androi/linphone-android/AndroidManifest.xml:78:21-69
activity#org.linphone.LinphoneActivity
ADDED from linphone-androi/linphone-android/AndroidManifest.xml:84:3-91:20
	android:screenOrientation
		ADDED from linphone-androi/linphone-android/AndroidManifest.xml:86:13-47
	android:launchMode
		ADDED from linphone-androi/linphone-android/AndroidManifest.xml:87:13-44
	android:theme
		ADDED from linphone-androi/linphone-android/AndroidManifest.xml:85:7-37
	android:name
		ADDED from linphone-androi/linphone-android/AndroidManifest.xml:84:13-57
intent-filter#android.intent.action.MAIN
ADDED from linphone-androi/linphone-android/AndroidManifest.xml:88:13-90:29
activity#org.linphone.CallIncomingActivity
ADDED from linphone-androi/linphone-android/AndroidManifest.xml:93:9-101:21
	android:screenOrientation
		ADDED from linphone-androi/linphone-android/AndroidManifest.xml:97:13-47
	android:launchMode
		ADDED from linphone-androi/linphone-android/AndroidManifest.xml:96:4-34
	android:noHistory
		ADDED from linphone-androi/linphone-android/AndroidManifest.xml:95:13-37
	android:theme
		ADDED from linphone-androi/linphone-android/AndroidManifest.xml:94:7-37
	android:name
		ADDED from linphone-androi/linphone-android/AndroidManifest.xml:93:19-55
activity#org.linphone.CallOutgoingActivity
ADDED from linphone-androi/linphone-android/AndroidManifest.xml:103:3-111:14
	android:screenOrientation
		ADDED from linphone-androi/linphone-android/AndroidManifest.xml:107:6-40
	android:launchMode
		ADDED from linphone-androi/linphone-android/AndroidManifest.xml:106:6-36
	android:noHistory
		ADDED from linphone-androi/linphone-android/AndroidManifest.xml:105:6-30
	android:theme
		ADDED from linphone-androi/linphone-android/AndroidManifest.xml:104:6-36
	android:name
		ADDED from linphone-androi/linphone-android/AndroidManifest.xml:103:13-49
activity#org.linphone.CallActivity
ADDED from linphone-androi/linphone-android/AndroidManifest.xml:113:9-126:20
	android:launchMode
		ADDED from linphone-androi/linphone-android/AndroidManifest.xml:115:12-42
	android:theme
		ADDED from linphone-androi/linphone-android/AndroidManifest.xml:114:6-39
	android:name
		ADDED from linphone-androi/linphone-android/AndroidManifest.xml:113:19-47
activity#org.linphone.assistant.AssistantActivity
ADDED from linphone-androi/linphone-android/AndroidManifest.xml:128:9-134:21
	android:screenOrientation
		ADDED from linphone-androi/linphone-android/AndroidManifest.xml:130:13-47
	android:theme
		ADDED from linphone-androi/linphone-android/AndroidManifest.xml:129:7-37
	android:name
		ADDED from linphone-androi/linphone-android/AndroidManifest.xml:128:19-62
activity#org.linphone.assistant.RemoteProvisioningLoginActivity
ADDED from linphone-androi/linphone-android/AndroidManifest.xml:136:9-142:21
	android:screenOrientation
		ADDED from linphone-androi/linphone-android/AndroidManifest.xml:138:13-49
	android:theme
		ADDED from linphone-androi/linphone-android/AndroidManifest.xml:137:7-37
	android:name
		ADDED from linphone-androi/linphone-android/AndroidManifest.xml:136:19-88
activity#org.linphone.assistant.RemoteProvisioningActivity
ADDED from linphone-androi/linphone-android/AndroidManifest.xml:144:9-157:20
	android:screenOrientation
		ADDED from linphone-androi/linphone-android/AndroidManifest.xml:146:13-49
	android:theme
		ADDED from linphone-androi/linphone-android/AndroidManifest.xml:145:13-43
	android:name
		ADDED from linphone-androi/linphone-android/AndroidManifest.xml:144:19-83
service#org.linphone.LinphoneService
ADDED from linphone-androi/linphone-android/AndroidManifest.xml:159:6-161:40
	android:label
		ADDED from linphone-androi/linphone-android/AndroidManifest.xml:160:10-46
	android:stopWithTask
		ADDED from linphone-androi/linphone-android/AndroidManifest.xml:161:10-38
	android:name
		ADDED from linphone-androi/linphone-android/AndroidManifest.xml:159:15-58
service#org.linphone.sync.SyncService
ADDED from linphone-androi/linphone-android/AndroidManifest.xml:163:9-171:19
	android:exported
		ADDED from linphone-androi/linphone-android/AndroidManifest.xml:165:13-36
	android:name
		ADDED from linphone-androi/linphone-android/AndroidManifest.xml:164:13-57
intent-filter#android.content.SyncAdapter
ADDED from linphone-androi/linphone-android/AndroidManifest.xml:166:13-168:29
action#android.content.SyncAdapter
ADDED from linphone-androi/linphone-android/AndroidManifest.xml:167:17-70
	android:name
		ADDED from linphone-androi/linphone-android/AndroidManifest.xml:167:25-67
meta-data#android.content.SyncAdapter
ADDED from linphone-androi/linphone-android/AndroidManifest.xml:169:13-105
	android:resource
		ADDED from linphone-androi/linphone-android/AndroidManifest.xml:169:67-102
	android:name
		ADDED from linphone-androi/linphone-android/AndroidManifest.xml:169:24-66
meta-data#android.provider.CONTACTS_STRUCTURE
ADDED from linphone-androi/linphone-android/AndroidManifest.xml:170:13-110
	android:resource
		ADDED from linphone-androi/linphone-android/AndroidManifest.xml:170:75-107
	android:name
		ADDED from linphone-androi/linphone-android/AndroidManifest.xml:170:24-74
service#org.linphone.sync.AuthenticationService
ADDED from linphone-androi/linphone-android/AndroidManifest.xml:173:9-181:19
	android:name
		ADDED from linphone-androi/linphone-android/AndroidManifest.xml:174:13-67
intent-filter#android.accounts.AccountAuthenticator
ADDED from linphone-androi/linphone-android/AndroidManifest.xml:175:13-177:29
action#android.accounts.AccountAuthenticator
ADDED from linphone-androi/linphone-android/AndroidManifest.xml:176:17-79
	android:name
		ADDED from linphone-androi/linphone-android/AndroidManifest.xml:176:25-77
meta-data#android.accounts.AccountAuthenticator
ADDED from linphone-androi/linphone-android/AndroidManifest.xml:178:13-180:57
	android:resource
		ADDED from linphone-androi/linphone-android/AndroidManifest.xml:180:17-54
	android:name
		ADDED from linphone-androi/linphone-android/AndroidManifest.xml:179:17-69
receiver#org.linphone.NetworkManager
ADDED from linphone-androi/linphone-android/AndroidManifest.xml:183:9-185:14
	android:name
		ADDED from linphone-androi/linphone-android/AndroidManifest.xml:183:19-61
intent-filter#android.net.conn.CONNECTIVITY_CHANGE
ADDED from linphone-androi/linphone-android/AndroidManifest.xml:184:4-104
action#android.net.conn.CONNECTIVITY_CHANGE
ADDED from linphone-androi/linphone-android/AndroidManifest.xml:184:19-88
	android:name
		ADDED from linphone-androi/linphone-android/AndroidManifest.xml:184:27-78
receiver#org.linphone.BluetoothManager
ADDED from linphone-androi/linphone-android/AndroidManifest.xml:187:6-188:14
	android:enabled
		ADDED from linphone-androi/linphone-android/AndroidManifest.xml:187:61-84
	android:name
		ADDED from linphone-androi/linphone-android/AndroidManifest.xml:187:16-60
receiver#org.linphone.BootReceiver
ADDED from linphone-androi/linphone-android/AndroidManifest.xml:190:3-192:14
	android:name
		ADDED from linphone-androi/linphone-android/AndroidManifest.xml:190:13-53
intent-filter#android.intent.action.BOOT_COMPLETED
ADDED from linphone-androi/linphone-android/AndroidManifest.xml:191:4-104
action#android.intent.action.BOOT_COMPLETED
ADDED from linphone-androi/linphone-android/AndroidManifest.xml:191:19-88
	android:name
		ADDED from linphone-androi/linphone-android/AndroidManifest.xml:191:27-78
receiver#org.linphone.PhoneStateChangedReceiver
ADDED from linphone-androi/linphone-android/AndroidManifest.xml:194:3-196:14
	android:name
		ADDED from linphone-androi/linphone-android/AndroidManifest.xml:194:13-66
intent-filter#android.intent.action.PHONE_STATE
ADDED from linphone-androi/linphone-android/AndroidManifest.xml:195:4-94
action#android.intent.action.PHONE_STATE
ADDED from linphone-androi/linphone-android/AndroidManifest.xml:195:19-78
	android:name
		ADDED from linphone-androi/linphone-android/AndroidManifest.xml:195:27-75
receiver#org.linphone.KeepAliveHandler
ADDED from linphone-androi/linphone-android/AndroidManifest.xml:198:3-199:20
	android:name
		ADDED from linphone-androi/linphone-android/AndroidManifest.xml:198:13-44
receiver#org.linphone.gcm.GCMReceiver
ADDED from linphone-androi/linphone-android/AndroidManifest.xml:202:3-208:14
	android:permission
		ADDED from linphone-androi/linphone-android/AndroidManifest.xml:202:57-117
	android:name
		ADDED from linphone-androi/linphone-android/AndroidManifest.xml:202:13-56
intent-filter#com.google.android.c2dm.intent.RECEIVE+com.google.android.c2dm.intent.REGISTRATION+org.linphone
ADDED from linphone-androi/linphone-android/AndroidManifest.xml:203:5-207:21
action#com.google.android.c2dm.intent.RECEIVE
ADDED from linphone-androi/linphone-android/AndroidManifest.xml:204:7-71
	android:name
		ADDED from linphone-androi/linphone-android/AndroidManifest.xml:204:15-68
action#com.google.android.c2dm.intent.REGISTRATION
ADDED from linphone-androi/linphone-android/AndroidManifest.xml:205:7-76
	android:name
		ADDED from linphone-androi/linphone-android/AndroidManifest.xml:205:15-73
category#org.linphone
ADDED from linphone-androi/linphone-android/AndroidManifest.xml:206:7-47
	android:name
		ADDED from linphone-androi/linphone-android/AndroidManifest.xml:206:17-44
service#org.linphone.gcm.GCMService
ADDED from linphone-androi/linphone-android/AndroidManifest.xml:210:3-57
	android:name
		ADDED from linphone-androi/linphone-android/AndroidManifest.xml:210:12-54
activity#org.linphone.tutorials.TutorialLauncherActivity
ADDED from linphone-androi/linphone-android/AndroidManifest.xml:212:9-217:20
	android:theme
		ADDED from linphone-androi/linphone-android/AndroidManifest.xml:213:7-37
	android:name
		ADDED from linphone-androi/linphone-android/AndroidManifest.xml:212:19-81
activity#org.linphone.tutorials.TutorialBuddyStatusActivity
ADDED from linphone-androi/linphone-android/AndroidManifest.xml:219:3-224:20
	android:theme
		ADDED from linphone-androi/linphone-android/AndroidManifest.xml:220:7-37
	android:name
		ADDED from linphone-androi/linphone-android/AndroidManifest.xml:219:13-78
activity#org.linphone.tutorials.TutorialChatRoomActivity
ADDED from linphone-androi/linphone-android/AndroidManifest.xml:226:3-231:20
	android:theme
		ADDED from linphone-androi/linphone-android/AndroidManifest.xml:227:7-37
	android:name
		ADDED from linphone-androi/linphone-android/AndroidManifest.xml:226:13-75
activity#org.linphone.tutorials.TutorialHelloWorldActivity
ADDED from linphone-androi/linphone-android/AndroidManifest.xml:233:3-238:20
	android:theme
		ADDED from linphone-androi/linphone-android/AndroidManifest.xml:234:7-37
	android:name
		ADDED from linphone-androi/linphone-android/AndroidManifest.xml:233:13-77
activity#org.linphone.tutorials.TutorialRegistrationActivity
ADDED from linphone-androi/linphone-android/AndroidManifest.xml:240:3-245:20
	android:theme
		ADDED from linphone-androi/linphone-android/AndroidManifest.xml:241:7-37
	android:name
		ADDED from linphone-androi/linphone-android/AndroidManifest.xml:240:13-79
activity#org.linphone.tutorials.TutorialCardDavSync
ADDED from linphone-androi/linphone-android/AndroidManifest.xml:247:2-252:20
	android:theme
		ADDED from linphone-androi/linphone-android/AndroidManifest.xml:248:21-51
	android:name
		ADDED from linphone-androi/linphone-android/AndroidManifest.xml:247:12-69